SF:lib\src\auth\data\repositories\auth_repository_implementation.dart
DA:9,1
DA:13,1
DA:25,2
DA:29,0
DA:32,0
LF:5
LH:3
end_of_record
SF:lib\core\errors\failure.dart
DA:4,0
DA:9,0
DA:10,0
DA:14,0
LF:4
LH:0
end_of_record
SF:lib\src\auth\data\models\user_model.dart
DA:6,0
DA:12,0
DA:13,0
DA:19,0
DA:21,0
DA:22,0
DA:23,0
DA:24,0
DA:25,0
DA:28,0
DA:29,0
DA:31,0
DA:32,0
DA:33,0
DA:34,0
DA:35,0
DA:36,0
DA:38,0
DA:39,0
DA:41,0
LF:20
LH:0
end_of_record
SF:lib\src\auth\domain\entities\user.dart
DA:9,0
DA:15,0
DA:16,0
DA:22,0
DA:23,0
LF:5
LH:0
end_of_record
SF:lib\src\auth\domain\repositories\auth_repository.dart
DA:5,0
LF:1
LH:0
end_of_record
